/edatools/cdnc/XCELIUM2309/tools.lnx86/simvision/bin/64bit/simvision.exe
Obtained 54 stack frames.
/edatools/cdnc/XCELIUM2309/tools.lnx86/simvision/bin/64bit/../../../lib/64bit/libcbreakpad.so(_Z13use_backtracev+0x9d) [0x7fdd6c6451a3]
/edatools/cdnc/XCELIUM2309/tools.lnx86/simvision/bin/64bit/../../../lib/64bit/libcbreakpad.so(cbpad_generate_dump_on_demand+0x66) [0x7fdd6c645630]
/edatools/cdnc/XCELIUM2309/tools.lnx86/simvision/bin/64bit/simvision.exe(svSigHandler+0xcf) [0x5aa8e0]
/lib64/libpthread.so.0(+0xf630) [0x7fdd6e97a630]
/edatools/cdnc/XCELIUM2309/tools.lnx86/simvision/bin/64bit/simvision.exe() [0xb90592]
/edatools/cdnc/XCELIUM2309/tools.lnx86/simvision/bin/64bit/simvision.exe(Mx_NodeIsOpen+0x13) [0xb90e58]
/edatools/cdnc/XCELIUM2309/tools.lnx86/simvision/bin/64bit/simvision.exe() [0xb905ac]
/edatools/cdnc/XCELIUM2309/tools.lnx86/simvision/bin/64bit/simvision.exe(Mx_NodeIsOpen+0x13) [0xb90e58]
/edatools/cdnc/XCELIUM2309/tools.lnx86/simvision/bin/64bit/simvision.exe() [0xb905ac]
/edatools/cdnc/XCELIUM2309/tools.lnx86/simvision/bin/64bit/simvision.exe(Mx_NodeIsOpen+0x13) [0xb90e58]
/edatools/cdnc/XCELIUM2309/tools.lnx86/simvision/bin/64bit/simvision.exe() [0xb905ac]
/edatools/cdnc/XCELIUM2309/tools.lnx86/simvision/bin/64bit/simvision.exe(Mx_NodeIsOpen+0x13) [0xb90e58]
/edatools/cdnc/XCELIUM2309/tools.lnx86/simvision/bin/64bit/simvision.exe() [0xb905ac]
/edatools/cdnc/XCELIUM2309/tools.lnx86/simvision/bin/64bit/simvision.exe(Mx_NodeIsOpen+0x13) [0xb90e58]
/edatools/cdnc/XCELIUM2309/tools.lnx86/simvision/bin/64bit/simvision.exe() [0xb905ac]
/edatools/cdnc/XCELIUM2309/tools.lnx86/simvision/bin/64bit/simvision.exe(Mx_NodeIsContainer+0x15) [0xb910ff]
/edatools/cdnc/XCELIUM2309/tools.lnx86/simvision/bin/64bit/simvision.exe(Mx_SlIsContainer+0x17) [0xb24745]
/edatools/cdnc/XCELIUM2309/tools.lnx86/simvision/bin/64bit/simvision.exe() [0xb3190c]
/edatools/cdnc/XCELIUM2309/tools.lnx86/simvision/bin/64bit/simvision.exe() [0xb31dde]
/edatools/cdnc/XCELIUM2309/tools.lnx86/simvision/bin/64bit/simvision.exe() [0xb2a3cc]
/edatools/cdnc/XCELIUM2309/tools.lnx86/simvision/bin/64bit/simvision.exe(Mx_SlWidgetInstCmd+0x68) [0xb3335d]
/edatools/cdnc/XCELIUM2309/tools.lnx86/simvision/bin/64bit/simvision.exe(TclInvokeStringCommand+0x74) [0xe91b74]
/edatools/cdnc/XCELIUM2309/tools.lnx86/simvision/bin/64bit/simvision.exe(TclEvalObjvInternal+0x286) [0xe93d96]
/edatools/cdnc/XCELIUM2309/tools.lnx86/simvision/bin/64bit/simvision.exe() [0xebb17f]
/edatools/cdnc/XCELIUM2309/tools.lnx86/simvision/bin/64bit/simvision.exe(TclCompEvalObj+0xf0) [0xebef50]
/edatools/cdnc/XCELIUM2309/tools.lnx86/simvision/bin/64bit/simvision.exe(Tcl_EvalObjEx+0xb6) [0xe95d26]
/edatools/cdnc/XCELIUM2309/tools.lnx86/simvision/bin/64bit/simvision.exe(Itcl_EvalMemberCode+0x230) [0xf9c067]
/edatools/cdnc/XCELIUM2309/tools.lnx86/simvision/bin/64bit/simvision.exe(Itcl_ExecMethod+0xb7) [0xf9ca0a]
/edatools/cdnc/XCELIUM2309/tools.lnx86/simvision/bin/64bit/simvision.exe(TclEvalObjvInternal+0x286) [0xe93d96]
/edatools/cdnc/XCELIUM2309/tools.lnx86/simvision/bin/64bit/simvision.exe() [0xebb17f]
/edatools/cdnc/XCELIUM2309/tools.lnx86/simvision/bin/64bit/simvision.exe(TclCompEvalObj+0xf0) [0xebef50]
/edatools/cdnc/XCELIUM2309/tools.lnx86/simvision/bin/64bit/simvision.exe(Tcl_EvalObjEx+0xb6) [0xe95d26]
/edatools/cdnc/XCELIUM2309/tools.lnx86/simvision/bin/64bit/simvision.exe(Itcl_EvalMemberCode+0x230) [0xf9c067]
/edatools/cdnc/XCELIUM2309/tools.lnx86/simvision/bin/64bit/simvision.exe(Itcl_ExecMethod+0xb7) [0xf9ca0a]
/edatools/cdnc/XCELIUM2309/tools.lnx86/simvision/bin/64bit/simvision.exe(Itcl_EvalArgs+0x47) [0xfa209a]
/edatools/cdnc/XCELIUM2309/tools.lnx86/simvision/bin/64bit/simvision.exe(Itcl_HandleInstance+0xf0) [0xf9d248]
/edatools/cdnc/XCELIUM2309/tools.lnx86/simvision/bin/64bit/simvision.exe(TclEvalObjvInternal+0x286) [0xe93d96]
/edatools/cdnc/XCELIUM2309/tools.lnx86/simvision/bin/64bit/simvision.exe() [0xebb17f]
/edatools/cdnc/XCELIUM2309/tools.lnx86/simvision/bin/64bit/simvision.exe(TclCompEvalObj+0xf0) [0xebef50]
/edatools/cdnc/XCELIUM2309/tools.lnx86/simvision/bin/64bit/simvision.exe(Tcl_EvalObjEx+0xb6) [0xe95d26]
/edatools/cdnc/XCELIUM2309/tools.lnx86/simvision/bin/64bit/simvision.exe() [0xed955e]
/edatools/cdnc/XCELIUM2309/tools.lnx86/simvision/bin/64bit/simvision.exe(Tcl_NamespaceObjCmd+0x3de) [0xedb35e]
/edatools/cdnc/XCELIUM2309/tools.lnx86/simvision/bin/64bit/simvision.exe(TclEvalObjvInternal+0x286) [0xe93d96]
/edatools/cdnc/XCELIUM2309/tools.lnx86/simvision/bin/64bit/simvision.exe(Tcl_EvalEx+0x468) [0xe955a8]
/edatools/cdnc/XCELIUM2309/tools.lnx86/simvision/bin/64bit/simvision.exe() [0xee9a0d]
/edatools/cdnc/XCELIUM2309/tools.lnx86/simvision/bin/64bit/simvision.exe() [0xee9cdc]
/edatools/cdnc/XCELIUM2309/tools.lnx86/simvision/bin/64bit/simvision.exe(Tcl_ServiceEvent+0x69) [0xedbfe9]
/edatools/cdnc/XCELIUM2309/tools.lnx86/simvision/bin/64bit/simvision.exe(Tcl_DoOneEvent+0x95) [0xedc245]
/edatools/cdnc/XCELIUM2309/tools.lnx86/simvision/bin/64bit/simvision.exe(Tk_MainLoop+0x17) [0xf1720f]
/edatools/cdnc/XCELIUM2309/tools.lnx86/simvision/bin/64bit/simvision.exe(Tcl_AppInit+0xf8b) [0x5ab904]
/edatools/cdnc/XCELIUM2309/tools.lnx86/simvision/bin/64bit/simvision.exe(Pro_WrapTkMain+0x749) [0x5b510a]
/edatools/cdnc/XCELIUM2309/tools.lnx86/simvision/bin/64bit/simvision.exe(main+0xd0) [0x5a85ac]
/lib64/libc.so.6(__libc_start_main+0xf5) [0x7fdd6dedf555]
/edatools/cdnc/XCELIUM2309/tools.lnx86/simvision/bin/64bit/simvision.exe() [0x59d54e]
