Operating system: Linux
                  0.0.0 Linux 4.19.0-20-amd64 #1 SMP Debian 4.19.235-1 (2022-03-17) x86_64
CPU: amd64
     family 6 model 85 stepping 4
     1 CPU

GPU: UNKNOWN

Crash reason:  DUMP_REQUESTED
Crash address: 0x7fdd6c647406
Process uptime: not available

Thread 0 (crashed)
 0  libcbreakpad.so + 0x36406
    rax = 0x0000000000ebef50   rdx = 0x0000000000000000
    rcx = 0x00007fdd6c645cb2   rbx = 0x00007ffef9afb230
    rsi = 0x0000000000000001   rdi = 0x00007ffef9afabb8
    rbp = 0x00007ffef9afb170   rsp = 0x00007ffef9afab20
     r8 = 0x0000000000000000    r9 = 0x0000000000000000
    r10 = 0x0000000005a892d0   r11 = 0x0000000000000000
    r12 = 0x0000000000000001   r13 = 0x000000000ac75c50
    r14 = 0x00007ffef9afb1b0   r15 = 0x0000000000000001
    rip = 0x00007fdd6c647406
    Found by: given as instruction pointer in context
 1  libcbreakpad.so + 0x34672
    rbp = 0x00007ffef9afb2c0   rsp = 0x00007ffef9afb180
    rip = 0x00007fdd6c645672
    Found by: previous frame's frame pointer
 2  simvision.exe!svSigHandler + 0xcf
    rbp = 0x00007ffef9afb2f0   rsp = 0x00007ffef9afb2d0
    rip = 0x00000000005aa8e0
    Found by: previous frame's frame pointer
 3  libpthread-2.17.so + 0xf630
    rbp = 0x00000000173a6710   rsp = 0x00007ffef9afb300
    rip = 0x00007fdd6e97a630
    Found by: call frame info
 4  simvision.exe!Mx_NodeIsVisible + 0xc9
    rsp = 0x00007ffef9afb3b0   rip = 0x0000000000b90592
    Found by: stack scanning

Loaded modules:
0x00400000 - 0x01382fff  simvision.exe  ???  (main)
0x7fdd68672000 - 0x7fdd68672fff  libpdinit.so  ???
0x7fdd68874000 - 0x7fdd68874fff  get_open_dbs.so  ???
0x7fdd68a75000 - 0x7fdd68a79fff  libXfixes.so.3.1.0  ???
0x7fdd68c7b000 - 0x7fdd68c83fff  libXrender.so.1.3.0  ???
0x7fdd68e86000 - 0x7fdd68e8efff  libXcursor.so.1.0.2  ???
0x7fdd691cb000 - 0x7fdd691dcfff  libnss_myhostname.so.2  ???
0x7fdd693e0000 - 0x7fdd693e5fff  libnss_dns-2.17.so  ???
0x7fdd695e7000 - 0x7fdd695f2fff  libnss_files-2.17.so  ???
0x7fdd697fa000 - 0x7fdd697fdfff  libuuid.so.1.3.0  ???
0x7fdd699ff000 - 0x7fdd69a3afff  libblkid.so.1.1.0  ???
0x7fdd69c3f000 - 0x7fdd69c42fff  libgpg-error.so.0.10.0  ???
0x7fdd69e44000 - 0x7fdd69ec0fff  libgcrypt.so.11.8.2  ???
0x7fdd6a0c5000 - 0x7fdd6a0dbfff  liblz4.so.1.7.1  ???
0x7fdd6a2de000 - 0x7fdd6a31dfff  libmount.so.1.1.0  ???
0x7fdd6a521000 - 0x7fdd6a536fff  libresolv-2.17.so  ???
0x7fdd6a73b000 - 0x7fdd6a75efff  libselinux.so.1  ???
0x7fdd6a962000 - 0x7fdd6a9c1fff  libpcre.so.1.2.0  ???
0x7fdd6abc4000 - 0x7fdd6abc6fff  libgmodule-2.0.so.0.5600.1  ???
0x7fdd6adc8000 - 0x7fdd6adcefff  libffi.so.6.0.1  ???
0x7fdd6afd0000 - 0x7fdd6affefff  libsystemd.so.0.6.0  ???
0x7fdd6b201000 - 0x7fdd6b314fff  libglib-2.0.so.0.5600.1  ???
0x7fdd6b517000 - 0x7fdd6b565fff  libgobject-2.0.so.0.5600.1  ???
0x7fdd6b768000 - 0x7fdd6b8fdfff  libgio-2.0.so.0.5600.1  ???
0x7fdd6bb08000 - 0x7fdd6bb55fff  libdbus-1.so.3.14.14  ???
0x7fdd6bd58000 - 0x7fdd6bd7dfff  libdbus-glib-1.so.2.2.2  ???
0x7fdd6c611000 - 0x7fdd6c664fff  libcbreakpad.so  ???  (WARNING: No symbols, libcbreakpad.so, 60E05159679E41FFDFD1CB8DF5B1303D0)
0x7fdd6c682000 - 0x7fdd6c683fff  libXau.so.6.0.0  ???
0x7fdd6c886000 - 0x7fdd6c894fff  libbz2.so.1.0.6  ???
0x7fdd6ca96000 - 0x7fdd6cabafff  liblzma.so.5.2.2  ???
0x7fdd6ccbc000 - 0x7fdd6ccd0fff  libz.so.1.2.7  ???
0x7fdd6ced2000 - 0x7fdd6cee8fff  libelf-0.176.so  ???
0x7fdd6d0ea000 - 0x7fdd6d0edfff  libattr.so.1.1.0  ???
0x7fdd6d2ef000 - 0x7fdd6d315fff  libxcb.so.1.1.0  ???
0x7fdd6d517000 - 0x7fdd6d564fff  libdw-0.176.so  ???
0x7fdd6d768000 - 0x7fdd6d76bfff  libcap.so.2.22  ???
0x7fdd6d96d000 - 0x7fdd6d97dfff  libXext.so.6.4.0  ???
0x7fdd6db7f000 - 0x7fdd6dcb6fff  libX11.so.6.3.0  ???
0x7fdd6debd000 - 0x7fdd6e080fff  libc-2.17.so  ???
0x7fdd6e28b000 - 0x7fdd6e38bfff  libm-2.17.so  ???
0x7fdd6e58d000 - 0x7fdd6e58efff  libdl-2.17.so  ???
0x7fdd6e791000 - 0x7fdd6e90ffff  libstdc++.so.6.0.28  ???
0x7fdd6e96b000 - 0x7fdd6e981fff  libpthread-2.17.so  ???  (WARNING: No symbols, libpthread-2.17.so, F2C80CE132B93DFCAEDA22F8DAC5EBB90)
0x7fdd6eb87000 - 0x7fdd6eb8dfff  librt-2.17.so  ???
0x7fdd6ed8f000 - 0x7fdd6eda2fff  libudev.so.1.6.2  ???
0x7fdd6efa5000 - 0x7fdd6efc6fff  ld-2.17.so  ???
0x7fdd6f004000 - 0x7fdd6f005fff  invoke_ida.so  ???
0x7fdd6f009000 - 0x7fdd6f00afff  heapanalyzer.so  ???
0x7fdd6f00e000 - 0x7fdd6f00ffff  sv_databrowser.so  ???
0x7fdd6f013000 - 0x7fdd6f01afff  txepi.so  ???
0x7fdd6f0a0000 - 0x7fdd6f12ffff  libxmjudy.so.1.0.3  ???
0x7fdd6f142000 - 0x7fdd6f155fff  libgcc_s.so.1  ???
0x7fdd6f15e000 - 0x7fdd6f182fff  lib_cadencehelp.so.2.0.0  ???
0x7fdd6f18f000 - 0x7fdd6f1a6fff  libcdsCommon_sh.so  ???
0x7fdd6f1b8000 - 0x7fdd6f1b9fff  eswtrace.so  ???
0x7fdd6f1bd000 - 0x7fdd6f1befff  waveform_frequency_plot_plugin.so  ???
0x7fdd6f1c2000 - 0x7fdd6f1c3fff  shm_db.dsn  ???
0x7ffef9b60000 - 0x7ffef9b61fff  linux-gate.so  ???

******BACKTRACE*****
<unknown> (libcbreakpad.so) [0x7fdd6c6451a3]
<unknown> (libcbreakpad.so) [0x7fdd6c645630]
svSigHandler (simvision.exe) [0x5aa8e0]
<unknown> (libpthread.so.0) [0x7fdd6e97a630]
Mx_NodeIsVisible (simvision.exe) [0xb90592]
Mx_NodeIsOpen (simvision.exe) [0xb90e58]
Mx_NodeIsVisible (simvision.exe) [0xb905ac]
Mx_NodeIsOpen (simvision.exe) [0xb90e58]
Mx_NodeIsVisible (simvision.exe) [0xb905ac]
Mx_NodeIsOpen (simvision.exe) [0xb90e58]
Mx_NodeIsVisible (simvision.exe) [0xb905ac]
Mx_NodeIsOpen (simvision.exe) [0xb90e58]
Mx_NodeIsVisible (simvision.exe) [0xb905ac]
Mx_NodeIsOpen (simvision.exe) [0xb90e58]
Mx_NodeIsVisible (simvision.exe) [0xb905ac]
Mx_NodeIsContainer (simvision.exe) [0xb910ff]
Mx_SlIsContainer (simvision.exe) [0xb24745]
Mx_SlGetEntry (simvision.exe) [0xb3190c]
Mx_SlGetEntry (simvision.exe) [0xb31dde]
SelectionOp (simvision.exe) [0xb2a3cc]
Mx_SlWidgetInstCmd (simvision.exe) [0xb3335d]
TclInvokeStringCommand (simvision.exe) [0xe91b74]
TclEvalObjvInternal (simvision.exe) [0xe93d96]
TclExprFloatError (simvision.exe) [0xebb17f]
TclCompEvalObj (simvision.exe) [0xebef50]
Tcl_EvalObjEx (simvision.exe) [0xe95d26]
Itcl_EvalMemberCode (simvision.exe) [0xf9c067]
Itcl_ExecMethod (simvision.exe) [0xf9ca0a]
TclEvalObjvInternal (simvision.exe) [0xe93d96]
TclExprFloatError (simvision.exe) [0xebb17f]
TclCompEvalObj (simvision.exe) [0xebef50]
Tcl_EvalObjEx (simvision.exe) [0xe95d26]
Itcl_EvalMemberCode (simvision.exe) [0xf9c067]
Itcl_ExecMethod (simvision.exe) [0xf9ca0a]
Itcl_EvalArgs (simvision.exe) [0xfa209a]
Itcl_HandleInstance (simvision.exe) [0xf9d248]
TclEvalObjvInternal (simvision.exe) [0xe93d96]
TclExprFloatError (simvision.exe) [0xebb17f]
TclCompEvalObj (simvision.exe) [0xebef50]
Tcl_EvalObjEx (simvision.exe) [0xe95d26]
Tcl_PopCallFrame (simvision.exe) [0xed955e]
Tcl_NamespaceObjCmd (simvision.exe) [0xedb35e]
TclEvalObjvInternal (simvision.exe) [0xe93d96]
Tcl_EvalEx (simvision.exe) [0xe955a8]
Tcl_InitStubs (simvision.exe) [0xee9a0d]
Tcl_InitStubs (simvision.exe) [0xee9cdc]
Tcl_ServiceEvent (simvision.exe) [0xedbfe9]
Tcl_DoOneEvent (simvision.exe) [0xedc245]
Tk_MainLoop (simvision.exe) [0xf1720f]
Tcl_AppInit (simvision.exe) [0x5ab904]
Pro_WrapTkMain (simvision.exe) [0x5b510a]
main (simvision.exe) [0x5a85ac]
<unknown> (libc.so.6) [0x7fdd6dedf555]
_start (simvision.exe) [0x59d54e]
******BACKTRACE END*****